         9512 function calls (9468 primitive calls) in 0.260 seconds

   Ordered by: cumulative time

   ncalls  tottime  percall  cumtime  percall filename:lineno(function)
        1    0.000    0.000    0.261    0.261 profile.py:5(<module>)
        1    0.000    0.000    0.200    0.200 dbman.py:3(<module>)
        1    0.012    0.012    0.191    0.191 __init__.py:15(<module>)
        1    0.010    0.010    0.111    0.111 collection.py:15(<module>)
        1    0.011    0.011    0.072    0.072 __init__.py:16(<module>)
        1    0.001    0.001    0.068    0.068 mongo_client.py:32(<module>)
        1    0.000    0.000    0.060    0.060 collection.py:1350(aggregate)
        2    0.000    0.000    0.053    0.027 network.py:26(command)
        1    0.000    0.000    0.053    0.053 collection.py:165(_command)
        1    0.000    0.000    0.053    0.053 pool.py:166(command)
        2    0.000    0.000    0.048    0.024 network.py:58(receive_message)
        4    0.000    0.000    0.048    0.012 network.py:79(_receive_data_on_socket)
        4    0.048    0.012    0.048    0.012 {method 'recv' of '_socket.socket' objects}
        1    0.001    0.001    0.029    0.029 uri_parser.py:16(<module>)
        1    0.013    0.013    0.029    0.029 urllib.py:23(<module>)
        1    0.001    0.001    0.026    0.026 uuid.py:45(<module>)
        1    0.006    0.006    0.025    0.025 client_options.py:15(<module>)
        8    0.000    0.000    0.022    0.003 re.py:226(_compile)
        6    0.000    0.000    0.022    0.004 sre_compile.py:493(compile)
        1    0.005    0.005    0.020    0.020 objectid.py:17(<module>)
        1    0.001    0.001    0.020    0.020 common.py:16(<module>)
        6    0.000    0.000    0.019    0.003 sre_compile.py:478(_code)
        7    0.000    0.000    0.019    0.003 re.py:188(compile)
        1    0.001    0.001    0.019    0.019 pool.py:15(<module>)
        3    0.000    0.000    0.018    0.006 __init__.py:71(search_function)
      2/1    0.000    0.000    0.018    0.018 {method 'encode' of 'unicode' objects}
        3    0.000    0.000    0.018    0.006 {__import__}
        6    0.000    0.000    0.017    0.003 sre_compile.py:178(_compile_charset)
        7    0.007    0.001    0.017    0.002 collections.py:288(namedtuple)
        6    0.002    0.000    0.017    0.003 sre_compile.py:207(_optimize_charset)
        1    0.000    0.000    0.017    0.017 idna.py:3(<module>)
        1    0.007    0.007    0.016    0.016 auth.py:15(<module>)
        2    0.013    0.006    0.015    0.008 sre_compile.py:301(_optimize_unicode)
        1    0.006    0.006    0.013    0.013 urlparse.py:29(<module>)
        1    0.012    0.012    0.012    0.012 socket.py:45(<module>)
        1    0.000    0.000    0.012    0.012 util.py:252(find_library)
        1    0.000    0.000    0.012    0.012 util.py:214(_findSoname_ldconfig)
     12/6    0.000    0.000    0.012    0.002 sre_compile.py:32(_compile)
        1    0.000    0.000    0.010    0.010 topology.py:15(<module>)
        1    0.000    0.000    0.010    0.010 util.py:4(<module>)
        1    0.001    0.001    0.010    0.010 tempfile.py:18(<module>)
        1    0.002    0.002    0.010    0.010 topology_description.py:15(<module>)
        1    0.000    0.000    0.009    0.009 mongo_client.py:71(__init__)
       40    0.001    0.000    0.009    0.000 {all}
        1    0.008    0.008    0.008    0.008 {method 'read' of 'file' objects}
      421    0.007    0.000    0.008    0.000 collections.py:329(<genexpr>)
        1    0.006    0.006    0.007    0.007 io.py:34(<module>)
        2    0.007    0.003    0.007    0.004 errors.py:15(<module>)
        2    0.000    0.000    0.007    0.004 mongo_client.py:688(_socket_for_reads)
        6    0.000    0.000    0.007    0.001 sre_compile.py:359(_compile_info)
      4/1    0.000    0.000    0.007    0.007 contextlib.py:15(__enter__)
        2    0.000    0.000    0.007    0.003 mongo_client.py:661(_get_socket)
        2    0.000    0.000    0.007    0.003 server.py:100(get_socket)
        2    0.000    0.000    0.007    0.003 pool.py:484(get_socket)
        1    0.000    0.000    0.007    0.007 pool.py:521(_get_socket_no_auth)
        1    0.000    0.000    0.007    0.007 pool.py:460(connect)
        3    0.000    0.000    0.006    0.002 topology.py:54(open)
        3    0.000    0.000    0.006    0.002 topology.py:266(_ensure_opened)
        1    0.006    0.006    0.006    0.006 collections.py:1(<module>)
        1    0.000    0.000    0.006    0.006 topology.py:322(_update_servers)
        1    0.000    0.000    0.006    0.006 pool.py:144(__init__)
        1    0.000    0.000    0.006    0.006 topology.py:353(_create_pool_for_monitor)
        2    0.006    0.003    0.006    0.003 ismaster.py:98(max_message_size)
        2    0.005    0.003    0.005    0.003 pool.py:67(__init__)
     1001    0.004    0.000    0.005    0.000 __init__.py:341(<genexpr>)
        7    0.000    0.000    0.005    0.001 socket.py:223(meth)
        2    0.004    0.002    0.004    0.002 {method 'sendall' of '_socket.socket' objects}
        1    0.000    0.000    0.003    0.003 re.py:139(search)
     1736    0.003    0.000    0.003    0.000 {chr}
        1    0.002    0.002    0.003    0.003 __init__.py:4(<module>)
      485    0.002    0.000    0.003    0.000 urllib.py:1206(<genexpr>)
        6    0.000    0.000    0.003    0.000 sre_parse.py:675(parse)
      485    0.002    0.000    0.003    0.000 urlparse.py:332(<genexpr>)
        1    0.000    0.000    0.002    0.002 read_preferences.py:15(<module>)
      8/6    0.000    0.000    0.002    0.000 sre_parse.py:301(_parse_sub)
      8/6    0.001    0.000    0.002    0.000 sre_parse.py:379(_parse)
        1    0.000    0.000    0.002    0.002 helpers.py:15(<module>)
        1    0.001    0.001    0.002    0.002 threading.py:1(<module>)
        4    0.000    0.000    0.002    0.001 periodic_executor.py:46(open)
      512    0.002    0.000    0.002    0.000 {method 'setdefault' of 'dict' objects}
        1    0.001    0.001    0.002    0.002 hmac.py:4(<module>)
        1    0.000    0.000    0.002    0.002 server_selectors.py:15(<module>)
        1    0.001    0.001    0.002    0.002 base64.py:3(<module>)
        1    0.001    0.001    0.002    0.002 random.py:40(<module>)
        2    0.000    0.000    0.002    0.001 threading.py:726(start)
        1    0.000    0.000    0.002    0.002 server_type.py:15(<module>)
        1    0.000    0.000    0.002    0.002 codec_options.py:15(<module>)
        8    0.001    0.000    0.002    0.000 py3compat.py:74(u)
        2    0.000    0.000    0.002    0.001 threading.py:602(wait)
        2    0.000    0.000    0.002    0.001 threading.py:308(wait)
     1000    0.002    0.000    0.002    0.000 py3compat.py:70(b)
       15    0.002    0.000    0.002    0.000 {method 'acquire' of 'thread.lock' objects}
        1    0.000    0.000    0.001    0.001 warnings.py:45(filterwarnings)
    39/24    0.000    0.000    0.001    0.000 {issubclass}
    16/15    0.001    0.000    0.001    0.000 abc.py:148(__subclasscheck__)
        8    0.000    0.000    0.001    0.000 abc.py:105(register)
       76    0.000    0.000    0.001    0.000 sre_parse.py:201(get)
        1    0.001    0.001    0.001    0.001 hashlib.py:55(<module>)
        1    0.001    0.001    0.001    0.001 calendar.py:6(<module>)
        1    0.000    0.000    0.001    0.001 periodic_executor.py:15(<module>)
       86    0.000    0.000    0.001    0.000 sre_parse.py:182(__next)
        1    0.001    0.001    0.001    0.001 ssl_support.py:15(<module>)
      381    0.001    0.000    0.001    0.000 {method 'isalnum' of 'str' objects}
       23    0.000    0.000    0.001    0.000 {method 'join' of 'str' objects}
        8    0.001    0.000    0.001    0.000 sre_compile.py:258(_mk_bitmap)
      264    0.001    0.000    0.001    0.000 {method 'format' of 'str' objects}
      328    0.001    0.000    0.001    0.000 {method 'append' of 'list' objects}
        1    0.000    0.000    0.001    0.001 thread_util.py:15(<module>)
        1    0.000    0.000    0.001    0.001 dbref.py:15(<module>)
        1    0.000    0.000    0.000    0.000 pool.py:389(_configured_socket)
        1    0.000    0.000    0.000    0.000 database.py:15(<module>)
        1    0.000    0.000    0.000    0.000 pool.py:335(_create_connection)
        3    0.000    0.000    0.000    0.000 server.py:30(open)
        3    0.000    0.000    0.000    0.000 monitor.py:69(open)
        1    0.000    0.000    0.000    0.000 ssl.py:56(<module>)
  268/263    0.000    0.000    0.000    0.000 {len}
        1    0.000    0.000    0.000    0.000 binary.py:15(<module>)
        1    0.000    0.000    0.000    0.000 server.py:15(<module>)
        1    0.000    0.000    0.000    0.000 heapq.py:31(<module>)
        4    0.000    0.000    0.000    0.000 abc.py:86(__new__)
        1    0.000    0.000    0.000    0.000 client_options.py:107(__init__)
        1    0.000    0.000    0.000    0.000 message.py:21(<module>)
        2    0.000    0.000    0.000    0.000 __init__.py:349(__init__)
       26    0.000    0.000    0.000    0.000 _weakrefset.py:58(__iter__)
        1    0.000    0.000    0.000    0.000 idna.py:147(encode)
        1    0.000    0.000    0.000    0.000 bulk.py:18(<module>)
        3    0.000    0.000    0.000    0.000 threading.py:656(__init__)
        1    0.000    0.000    0.000    0.000 {posix.popen}
        1    0.000    0.000    0.000    0.000 idna.py:62(ToASCII)
        2    0.000    0.000    0.000    0.000 {pymongo._cmessage._query_message}
        5    0.000    0.000    0.000    0.000 codec_options.py:43(__new__)
        1    0.000    0.000    0.000    0.000 topology.py:38(__init__)
        5    0.000    0.000    0.000    0.000 contextlib.py:54(contextmanager)
        1    0.000    0.000    0.000    0.000 __init__.py:265(_reset_cache)
       38    0.000    0.000    0.000    0.000 sre_parse.py:130(__getitem__)
       50    0.000    0.000    0.000    0.000 sre_parse.py:138(append)
       11    0.000    0.000    0.000    0.000 threading.py:241(Condition)
        1    0.000    0.000    0.000    0.000 <string>:1(<module>)
        1    0.000    0.000    0.000    0.000 son.py:19(<module>)
       40    0.000    0.000    0.000    0.000 collections.py:355(<genexpr>)
        6    0.000    0.000    0.000    0.000 abc.py:128(__instancecheck__)
        1    0.000    0.000    0.000    0.000 settings.py:15(<module>)
      115    0.000    0.000    0.000    0.000 {isinstance}
        2    0.000    0.000    0.000    0.000 {_ctypes.dlopen}
       40    0.000    0.000    0.000    0.000 collections.py:353(<genexpr>)
        1    0.000    0.000    0.000    0.000 operations.py:15(<module>)
    16/10    0.000    0.000    0.000    0.000 sre_parse.py:140(getwidth)
        1    0.000    0.000    0.000    0.000 <string>:1(CodecOptions)
        5    0.000    0.000    0.000    0.000 functools.py:17(update_wrapper)
        1    0.000    0.000    0.000    0.000 stringprep.py:6(<module>)
       91    0.000    0.000    0.000    0.000 {getattr}
       14    0.000    0.000    0.000    0.000 __init__.py:147(_check_size)
       11    0.000    0.000    0.000    0.000 threading.py:259(__init__)
        1    0.000    0.000    0.000    0.000 timestamp.py:16(<module>)
        1    0.000    0.000    0.000    0.000 threading.py:1090(__init__)
        1    0.000    0.000    0.000    0.000 results.py:15(<module>)
        1    0.000    0.000    0.000    0.000 {method 'connect' of '_socket.socket' objects}
        1    0.000    0.000    0.000    0.000 contextlib.py:1(<module>)
        1    0.000    0.000    0.000    0.000 py3compat.py:15(<module>)
        1    0.000    0.000    0.000    0.000 monotonic.py:16(<module>)
        1    0.000    0.000    0.000    0.000 network.py:15(<module>)
        1    0.000    0.000    0.000    0.000 settings.py:99(get_server_descriptions)
        1    0.000    0.000    0.000    0.000 cursor.py:15(<module>)
        1    0.000    0.000    0.000    0.000 os.py:35(_get_exports_list)
        2    0.000    0.000    0.000    0.000 pool.py:419(__init__)
       86    0.000    0.000    0.000    0.000 {method 'get' of 'dict' objects}
       15    0.000    0.000    0.000    0.000 {built-in method __new__ of type object at 0x919120}
        1    0.000    0.000    0.000    0.000 server_description.py:38(__init__)
        1    0.000    0.000    0.000    0.000 son_manipulator.py:19(<module>)
        1    0.000    0.000    0.000    0.000 client_options.py:88(_parse_pool_options)
      4/1    0.000    0.000    0.000    0.000 contextlib.py:21(__exit__)
        3    0.000    0.000    0.000    0.000 __init__.py:78(CFUNCTYPE)
        3    0.000    0.000    0.000    0.000 threading.py:541(Event)
        1    0.000    0.000    0.000    0.000 mongo_client.py:67(MongoClient)
        1    0.000    0.000    0.000    0.000 thread_util.py:28(Semaphore)
        9    0.000    0.000    0.000    0.000 {repr}
        3    0.000    0.000    0.000    0.000 threading.py:560(__init__)
        1    0.000    0.000    0.000    0.000 server_description.py:15(<module>)
       15    0.000    0.000    0.000    0.000 {hasattr}
        4    0.000    0.000    0.000    0.000 uuid.py:101(__init__)
        2    0.000    0.000    0.000    0.000 database.py:204(__getattr__)
       66    0.000    0.000    0.000    0.000 {method 'add' of 'set' objects}
        1    0.000    0.000    0.000    0.000 ismaster.py:15(<module>)
       11    0.000    0.000    0.000    0.000 _weakrefset.py:26(__exit__)
        1    0.000    0.000    0.000    0.000 {dir}
        1    0.000    0.000    0.000    0.000 unicode_escape.py:8(<module>)
        1    0.000    0.000    0.000    0.000 ascii.py:8(<module>)
       19    0.000    0.000    0.000    0.000 _weakrefset.py:83(add)
        6    0.000    0.000    0.000    0.000 sre_parse.py:178(__init__)
        2    0.000    0.000    0.000    0.000 thread_util.py:124(create_semaphore)
        1    0.000    0.000    0.000    0.000 {_socket.getaddrinfo}
        2    0.000    0.000    0.000    0.000 helpers.py:87(_unpack_response)
        1    0.000    0.000    0.000    0.000 message.py:78(_Query)
        1    0.000    0.000    0.000    0.000 objectid.py:55(ObjectId)
        2    0.000    0.000    0.000    0.000 database.py:218(__getitem__)
        3    0.000    0.000    0.000    0.000 __init__.py:493(PYFUNCTYPE)
        1    0.000    0.000    0.000    0.000 _endian.py:4(<module>)
        2    0.000    0.000    0.000    0.000 mongo_client.py:652(_get_topology)
        4    0.000    0.000    0.000    0.000 sre_compile.py:354(_simple)
        2    0.000    0.000    0.000    0.000 {thread.start_new_thread}
        6    0.000    0.000    0.000    0.000 hashlib.py:94(__get_openssl_constructor)
        2    0.000    0.000    0.000    0.000 thread_util.py:79(__init__)
        1    0.000    0.000    0.000    0.000 database.py:50(Database)
        2    0.000    0.000    0.000    0.000 collection.py:73(__init__)
       27    0.000    0.000    0.000    0.000 sre_parse.py:195(match)
        1    0.000    0.000    0.000    0.000 topology.py:114(select_server)
        3    0.000    0.000    0.000    0.000 __init__.py:49(normalize_encoding)
       18    0.000    0.000    0.000    0.000 sre_parse.py:126(__len__)
       45    0.000    0.000    0.000    0.000 {method 'startswith' of 'str' objects}
       34    0.000    0.000    0.000    0.000 {method 'replace' of 'str' objects}
        1    0.000    0.000    0.000    0.000 response.py:15(<module>)
        2    0.000    0.000    0.000    0.000 thread_util.py:32(__init__)
        1    0.000    0.000    0.000    0.000 topology.py:350(_create_pool_for_server)
       26    0.000    0.000    0.000    0.000 _weakrefset.py:70(__contains__)
        1    0.000    0.000    0.000    0.000 {method 'search' of '_sre.SRE_Pattern' objects}
        1    0.000    0.000    0.000    0.000 socket.py:179(_socketobject)
        1    0.000    0.000    0.000    0.000 server.py:23(Server)
        1    0.000    0.000    0.000    0.000 pool.py:556(return_socket)
       37    0.000    0.000    0.000    0.000 {setattr}
        1    0.000    0.000    0.000    0.000 random.py:91(__init__)
       12    0.000    0.000    0.000    0.000 sre_compile.py:472(isstring)
        2    0.000    0.000    0.000    0.000 periodic_executor.py:27(__init__)
        1    0.000    0.000    0.000    0.000 mongo_client.py:788(__getattr__)
        1    0.000    0.000    0.000    0.000 monitor.py:29(__init__)
        1    0.000    0.000    0.000    0.000 monitor.py:15(<module>)
       18    0.000    0.000    0.000    0.000 {range}
        1    0.000    0.000    0.000    0.000 tz_util.py:15(<module>)
        1    0.000    0.000    0.000    0.000 read_preferences.py:294(ReadPreference)
        1    0.000    0.000    0.000    0.000 collection.py:69(Collection)
        1    0.000    0.000    0.000    0.000 client_options.py:58(_parse_ssl_options)
       20    0.000    0.000    0.000    0.000 _weakrefset.py:36(__init__)
        1    0.000    0.000    0.000    0.000 pool.py:418(Pool)
       11    0.000    0.000    0.000    0.000 _weakrefset.py:20(__enter__)
        1    0.000    0.000    0.000    0.000 random.py:100(seed)
       48    0.000    0.000    0.000    0.000 {ord}
        1    0.000    0.000    0.000    0.000 int64.py:15(<module>)
       40    0.000    0.000    0.000    0.000 {method '__contains__' of 'frozenset' objects}
        1    0.000    0.000    0.000    0.000 command_cursor.py:15(<module>)
        3    0.000    0.000    0.000    0.000 son.py:184(update)
        2    0.000    0.000    0.000    0.000 __init__.py:375(__getattr__)
        1    0.000    0.000    0.000    0.000 mongo_client.py:803(__getitem__)
        2    0.000    0.000    0.000    0.000 common.py:447(validate)
        1    0.000    0.000    0.000    0.000 topology.py:62(select_servers)
        2    0.000    0.000    0.000    0.000 {_ctypes.POINTER}
       40    0.000    0.000    0.000    0.000 {method 'isdigit' of 'str' objects}
        2    0.000    0.000    0.000    0.000 thread_util.py:143(__init__)
        1    0.000    0.000    0.000    0.000 socket.py:185(__init__)
        1    0.000    0.000    0.000    0.000 database.py:54(__init__)
       38    0.000    0.000    0.000    0.000 {_ctypes.sizeof}
        1    0.000    0.000    0.000    0.000 ssl_context.py:15(<module>)
        4    0.000    0.000    0.000    0.000 common.py:473(__init__)
        1    0.000    0.000    0.000    0.000 regex.py:16(<module>)
        1    0.000    0.000    0.000    0.000 code.py:16(<module>)
        1    0.000    0.000    0.000    0.000 __future__.py:48(<module>)
        2    0.000    0.000    0.000    0.000 {method 'tostring' of 'array.array' objects}
        1    0.000    0.000    0.000    0.000 son.py:89(__init__)
        4    0.000    0.000    0.000    0.000 sre_parse.py:257(_escape)
        2    0.000    0.000    0.000    0.000 ismaster.py:51(__init__)
        1    0.000    0.000    0.000    0.000 son.py:100(__repr__)
       24    0.000    0.000    0.000    0.000 {min}
        1    0.000    0.000    0.000    0.000 write_concern.py:15(<module>)
        1    0.000    0.000    0.000    0.000 mongo_replica_set_client.py:15(<module>)
        1    0.000    0.000    0.000    0.000 max_key.py:16(<module>)
        1    0.000    0.000    0.000    0.000 codec_options.py:73(_parse_codec_options)
        1    0.000    0.000    0.000    0.000 threading.py:575(set)
       19    0.000    0.000    0.000    0.000 {_struct.calcsize}
       20    0.000    0.000    0.000    0.000 {thread.allocate_lock}
        1    0.000    0.000    0.000    0.000 thread_util.py:83(release)
        1    0.000    0.000    0.000    0.000 uri_parser.py:209(split_hosts)
        8    0.000    0.000    0.000    0.000 {map}
        6    0.000    0.000    0.000    0.000 read_preferences.py:71(__init__)
        1    0.000    0.000    0.000    0.000 cursor_manager.py:24(<module>)
        4    0.000    0.000    0.000    0.000 abc.py:89(<genexpr>)
       17    0.000    0.000    0.000    0.000 threading.py:58(__init__)
        1    0.000    0.000    0.000    0.000 client_options.py:39(_parse_read_preference)
        2    0.000    0.000    0.000    0.000 threading.py:372(notify)
        1    0.000    0.000    0.000    0.000 objectid.py:35(_machine_bytes)
        2    0.000    0.000    0.000    0.000 {bson._cbson.decode_all}
        3    0.000    0.000    0.000    0.000 codecs.py:77(__new__)
        1    0.000    0.000    0.000    0.000 thread_util.py:63(release)
        2    0.000    0.000    0.000    0.000 __init__.py:382(__getitem__)
        2    0.000    0.000    0.000    0.000 threading.py:709(_set_daemon)
        1    0.000    0.000    0.000    0.000 min_key.py:16(<module>)
        1    0.000    0.000    0.000    0.000 threading.py:640(Thread)
        6    0.000    0.000    0.000    0.000 {_sre.compile}
        2    0.000    0.000    0.000    0.000 read_preferences.py:151(__init__)
        1    0.000    0.000    0.000    0.000 {built-in method fromtimestamp}
       14    0.000    0.000    0.000    0.000 {method 'items' of 'dict' objects}
        1    0.000    0.000    0.000    0.000 calendar.py:47(_localized_month)
        1    0.000    0.000    0.000    0.000 topology_description.py:31(__init__)
       12    0.000    0.000    0.000    0.000 sre_parse.py:90(__init__)
        1    0.000    0.000    0.000    0.000 random.py:236(randint)
        1    0.000    0.000    0.000    0.000 idna.py:279(getregentry)
        4    0.000    0.000    0.000    0.000 ismaster.py:94(max_bson_size)
        4    0.000    0.000    0.000    0.000 threading.py:299(_is_owned)
        4    0.000    0.000    0.000    0.000 contextlib.py:82(helper)
        1    0.000    0.000    0.000    0.000 client_options.py:49(_parse_write_concern)
        1    0.000    0.000    0.000    0.000 topology.py:307(_apply_selector)
        1    0.000    0.000    0.000    0.000 unicode_escape.py:36(getregentry)
       11    0.000    0.000    0.000    0.000 _weakrefset.py:52(_commit_removals)
        1    0.000    0.000    0.000    0.000 {zip}
        1    0.000    0.000    0.000    0.000 threading.py:399(notifyAll)
        1    0.000    0.000    0.000    0.000 common.py:353(validate_document_class)
       11    0.000    0.000    0.000    0.000 _weakrefset.py:16(__init__)
        1    0.000    0.000    0.000    0.000 {posix.urandom}
        1    0.000    0.000    0.000    0.000 cursor.py:97(Cursor)
       16    0.000    0.000    0.000    0.000 sre_compile.py:24(_identityfunction)
        1    0.000    0.000    0.000    0.000 __init__.py:75(get_version_string)
        1    0.000    0.000    0.000    0.000 {method 'close' of 'file' objects}
        1    0.000    0.000    0.000    0.000 collection.py:156(_socket_for_reads)
        1    0.000    0.000    0.000    0.000 read_preferences.py:276(make_read_preference)
        1    0.000    0.000    0.000    0.000 <string>:1(MongoCredential)
        5    0.000    0.000    0.000    0.000 functools.py:39(wraps)
        2    0.000    0.000    0.000    0.000 ismaster.py:24(_get_server_type)
        3    0.000    0.000    0.000    0.000 son.py:106(__setitem__)
        1    0.000    0.000    0.000    0.000 <string>:1(ServerType)
        6    0.000    0.000    0.000    0.000 sre_parse.py:67(__init__)
        1    0.000    0.000    0.000    0.000 uuid.py:53(UUID)
        1    0.000    0.000    0.000    0.000 random.py:173(randrange)
        1    0.000    0.000    0.000    0.000 server_description.py:21(ServerDescription)
        1    0.000    0.000    0.000    0.000 ismaster.py:68(all_hosts)
       11    0.000    0.000    0.000    0.000 {method 'remove' of 'set' objects}
        7    0.000    0.000    0.000    0.000 {sys._getframe}
       12    0.000    0.000    0.000    0.000 {_sre.getlower}
        1    0.000    0.000    0.000    0.000 collections.py:26(OrderedDict)
        6    0.000    0.000    0.000    0.000 {method 'split' of 'str' objects}
        2    0.000    0.000    0.000    0.000 ismaster.py:102(max_write_batch_size)
        1    0.000    0.000    0.000    0.000 <string>:1(TopologyType)
        1    0.000    0.000    0.000    0.000 <string>:1(ParseResult)
        1    0.000    0.000    0.000    0.000 uri_parser.py:116(parse_host)
        2    0.000    0.000    0.000    0.000 helpers.py:133(_check_command_response)
        8    0.000    0.000    0.000    0.000 {_struct.unpack}
        1    0.000    0.000    0.000    0.000 topology_description.py:130(known_servers)
        1    0.000    0.000    0.000    0.000 {function seed at 0x7f948a9fc488}
        2    0.000    0.000    0.000    0.000 {method 'tolist' of 'array.array' objects}
        1    0.000    0.000    0.000    0.000 <string>:1(SplitResult)
       11    0.000    0.000    0.000    0.000 {method 'pop' of 'dict' objects}
        6    0.000    0.000    0.000    0.000 {method 'update' of 'dict' objects}
        1    0.000    0.000    0.000    0.000 ascii.py:41(getregentry)
        1    0.000    0.000    0.000    0.000 random.py:72(Random)
        5    0.000    0.000    0.000    0.000 {method 'extend' of 'list' objects}
        1    0.000    0.000    0.000    0.000 re.py:204(escape)
        1    0.000    0.000    0.000    0.000 ssl.py:196(SSLSocket)
        1    0.000    0.000    0.000    0.000 atexit.py:6(<module>)
        2    0.000    0.000    0.000    0.000 sre_parse.py:83(closegroup)
        1    0.000    0.000    0.000    0.000 {math.exp}
        1    0.000    0.000    0.000    0.000 threading.py:1058(_Timer)
        1    0.000    0.000    0.000    0.000 common.py:119(validate_boolean_or_string)
        1    0.000    0.000    0.000    0.000 client_options.py:103(ClientOptions)
        1    0.000    0.000    0.000    0.000 ismaster.py:48(IsMaster)
        1    0.000    0.000    0.000    0.000 random.py:271(choice)
        1    0.000    0.000    0.000    0.000 pool.py:135(SocketInfo)
        2    0.000    0.000    0.000    0.000 threading.py:627(_newname)
        1    0.000    0.000    0.000    0.000 socket.py:235(_fileobject)
        1    0.000    0.000    0.000    0.000 calendar.py:66(_localized_day)
        7    0.000    0.000    0.000    0.000 __future__.py:75(__init__)
        1    0.000    0.000    0.000    0.000 command_cursor.py:29(__init__)
        1    0.000    0.000    0.000    0.000 topology.py:36(Topology)
        2    0.000    0.000    0.000    0.000 threading.py:296(_acquire_restore)
        2    0.000    0.000    0.000    0.000 threading.py:995(isAlive)
        1    0.000    0.000    0.000    0.000 pool.py:61(PoolOptions)
        9    0.000    0.000    0.000    0.000 {method '__subclasses__' of 'type' objects}
        2    0.000    0.000    0.000    0.000 periodic_executor.py:123(_register_executor)
        1    0.000    0.000    0.000    0.000 tempfile.py:501(SpooledTemporaryFile)
        1    0.000    0.000    0.000    0.000 <string>:1(GSSAPIProperties)
        2    0.000    0.000    0.000    0.000 sre_parse.py:72(opengroup)
        2    0.000    0.000    0.000    0.000 threading.py:1152(currentThread)
        2    0.000    0.000    0.000    0.000 py3compat.py:84(itervalues)
        1    0.000    0.000    0.000    0.000 tz_util.py:31(__init__)
        2    0.000    0.000    0.000    0.000 threading.py:1024(daemon)
        8    0.000    0.000    0.000    0.000 {method '__subclasshook__' of 'object' objects}
        6    0.000    0.000    0.000    0.000 threading.py:63(_note)
        1    0.000    0.000    0.000    0.000 keyword.py:11(<module>)
        6    0.000    0.000    0.000    0.000 {method 'unpack' of 'Struct' objects}
        2    0.000    0.000    0.000    0.000 topology_description.py:112(server_descriptions)
        2    0.000    0.000    0.000    0.000 threading.py:293(_release_save)
        6    0.000    0.000    0.000    0.000 read_preferences.py:41(_validate_tag_sets)
        2    0.000    0.000    0.000    0.000 ismaster.py:110(max_wire_version)
        1    0.000    0.000    0.000    0.000 thread_util.py:38(acquire)
        1    0.000    0.000    0.000    0.000 settings.py:26(TopologySettings)
        4    0.000    0.000    0.000    0.000 sre_parse.py:134(__setitem__)
        7    0.000    0.000    0.000    0.000 {method 'release' of 'thread.lock' objects}
        1    0.000    0.000    0.000    0.000 read_preferences.py:182(__init__)
        6    0.000    0.000    0.000    0.000 {globals}
        1    0.000    0.000    0.000    0.000 son.py:95(__new__)
        1    0.000    0.000    0.000    0.000 settings.py:27(__init__)
        1    0.000    0.000    0.000    0.000 read_preferences.py:210(__init__)
        6    0.000    0.000    0.000    0.000 threading.py:569(isSet)
        2    0.000    0.000    0.000    0.000 common.py:112(validate_boolean)
        1    0.000    0.000    0.000    0.000 regex.py:42(Regex)
        1    0.000    0.000    0.000    0.000 command_cursor.py:25(CommandCursor)
        1    0.000    0.000    0.000    0.000 son.py:33(SON)
        3    0.000    0.000    0.000    0.000 {method 'setter' of 'property' objects}
        1    0.000    0.000    0.000    0.000 py3compat.py:81(iteritems)
        1    0.000    0.000    0.000    0.000 binary.py:116(Binary)
        1    0.000    0.000    0.000    0.000 calendar.py:132(__init__)
        4    0.000    0.000    0.000    0.000 {method 'strip' of 'str' objects}
        1    0.000    0.000    0.000    0.000 threading.py:124(_RLock)
        1    0.000    0.000    0.000    0.000 tempfile.py:372(_TemporaryFileWrapper)
        1    0.000    0.000    0.000    0.000 urllib.py:116(URLopener)
        1    0.000    0.000    0.000    0.000 read_preferences.py:234(__init__)
        2    0.000    0.000    0.000    0.000 {_hashlib.openssl_md5}
        5    0.000    0.000    0.000    0.000 common.py:508(read_preference)
        1    0.000    0.000    0.000    0.000 dbref.py:23(DBRef)
        3    0.000    0.000    0.000    0.000 {time.time}
        1    0.000    0.000    0.000    0.000 sre_parse.py:225(_class_escape)
        1    0.000    0.000    0.000    0.000 read_preferences.py:263(__init__)
        1    0.000    0.000    0.000    0.000 {posix.uname}
        4    0.000    0.000    0.000    0.000 common.py:491(codec_options)
        1    0.000    0.000    0.000    0.000 tempfile.py:108(_RandomNameSequence)
        1    0.000    0.000    0.000    0.000 random.py:650(WichmannHill)
        1    0.000    0.000    0.000    0.000 __init__.py:857(BSON)
        1    0.000    0.000    0.000    0.000 atexit.py:37(register)
        1    0.000    0.000    0.000    0.000 calendar.py:376(HTMLCalendar)
        4    0.000    0.000    0.000    0.000 {posix.getpid}
        1    0.000    0.000    0.000    0.000 pool.py:324(__hash__)
        1    0.000    0.000    0.000    0.000 code.py:22(Code)
        1    0.000    0.000    0.000    0.000 calendar.py:501(LocaleTextCalendar)
        1    0.000    0.000    0.000    0.000 topology_description.py:30(TopologyDescription)
        1    0.000    0.000    0.000    0.000 read_preferences.py:65(_ServerMode)
        4    0.000    0.000    0.000    0.000 {method 'count' of 'list' objects}
        4    0.000    0.000    0.000    0.000 son.py:126(__iter__)
        2    0.000    0.000    0.000    0.000 {method 'setsockopt' of '_socket.socket' objects}
        1    0.000    0.000    0.000    0.000 command_cursor.py:64(batch_size)
        1    0.000    0.000    0.000    0.000 bulk.py:476(BulkWriteOperation)
        1    0.000    0.000    0.000    0.000 urlparse.py:73(ResultMixin)
        1    0.000    0.000    0.000    0.000 calendar.py:126(Calendar)
        1    0.000    0.000    0.000    0.000 {method 'sort' of 'list' objects}
        1    0.000    0.000    0.000    0.000 timestamp.py:26(Timestamp)
        1    0.000    0.000    0.000    0.000 <string>:8(__new__)
        1    0.000    0.000    0.000    0.000 write_concern.py:20(WriteConcern)
        2    0.000    0.000    0.000    0.000 {math.log}
        4    0.000    0.000    0.000    0.000 {thread.get_ident}
        1    0.000    0.000    0.000    0.000 common.py:466(BaseObject)
        1    0.000    0.000    0.000    0.000 results.py:160(BulkWriteResult)
        2    0.000    0.000    0.000    0.000 {method 'random' of '_random.Random' objects}
        2    0.000    0.000    0.000    0.000 __init__.py:359(_FuncPtr)
        1    0.000    0.000    0.000    0.000 urllib.py:610(FancyURLopener)
        2    0.000    0.000    0.000    0.000 {method 'insert' of 'list' objects}
        1    0.000    0.000    0.000    0.000 ssl_context.py:23(SSLContext)
        4    0.000    0.000    0.000    0.000 contextlib.py:12(__init__)
        1    0.000    0.000    0.000    0.000 errors.py:93(OperationFailure)
        1    0.000    0.000    0.000    0.000 server_description.py:137(is_server_type_known)
        1    0.000    0.000    0.000    0.000 threading.py:789(_set_ident)
        1    0.000    0.000    0.000    0.000 topology.py:163(get_server_by_address)
        1    0.000    0.000    0.000    0.000 {_socket.gethostname}
        3    0.000    0.000    0.000    0.000 __init__.py:494(CFunctionType)
        1    0.000    0.000    0.000    0.000 response.py:18(Response)
        1    0.000    0.000    0.000    0.000 results.py:70(InsertManyResult)
        1    0.000    0.000    0.000    0.000 database.py:1056(SystemJS)
        3    0.000    0.000    0.000    0.000 {method 'translate' of 'str' objects}
        1    0.000    0.000    0.000    0.000 collections.py:387(Counter)
        1    0.000    0.000    0.000    0.000 urllib.py:854(ftpwrapper)
        3    0.000    0.000    0.000    0.000 {_weakref.proxy}
        1    0.000    0.000    0.000    0.000 ismaster.py:89(replica_set_name)
        3    0.000    0.000    0.000    0.000 {method 'iteritems' of 'dict' objects}
        3    0.000    0.000    0.000    0.000 _abcoll.py:98(__subclasshook__)
        3    0.000    0.000    0.000    0.000 __init__.py:104(CFunctionType)
        1    0.000    0.000    0.000    0.000 settings.py:91(get_topology_type)
        3    0.000    0.000    0.000    0.000 pool.py:89(connect_timeout)
        1    0.000    0.000    0.000    0.000 topology_description.py:88(has_server)
        4    0.000    0.000    0.000    0.000 ismaster.py:64(server_type)
        1    0.000    0.000    0.000    0.000 ismaster.py:114(election_id)
        1    0.000    0.000    0.000    0.000 binary.py:181(UUIDLegacy)
        3    0.000    0.000    0.000    0.000 settings.py:71(condition_class)
        1    0.000    0.000    0.000    0.000 {method 'split' of '_sre.SRE_Pattern' objects}
        1    0.000    0.000    0.000    0.000 cursor.py:46(CursorType)
        1    0.000    0.000    0.000    0.000 {method 'update' of '_hashlib.HASH' objects}
        1    0.000    0.000    0.000    0.000 __init__.py:428(LibraryLoader)
        1    0.000    0.000    0.000    0.000 results.py:92(UpdateResult)
        3    0.000    0.000    0.000    0.000 database.py:149(name)
        1    0.000    0.000    0.000    0.000 ismaster.py:81(primary)
        1    0.000    0.000    0.000    0.000 monitor.py:28(Monitor)
        1    0.000    0.000    0.000    0.000 ismaster.py:106(min_wire_version)
        1    0.000    0.000    0.000    0.000 database.py:38(_check_name)
        3    0.000    0.000    0.000    0.000 common.py:498(write_concern)
        1    0.000    0.000    0.000    0.000 threading.py:1128(_DummyThread)
        1    0.000    0.000    0.000    0.000 {built-in method utcfromtimestamp}
        1    0.000    0.000    0.000    0.000 hmac.py:20(HMAC)
        2    0.000    0.000    0.000    0.000 calendar.py:71(__init__)
        1    0.000    0.000    0.000    0.000 threading.py:254(_Condition)
        1    0.000    0.000    0.000    0.000 bulk.py:195(_Bulk)
        1    0.000    0.000    0.000    0.000 {method 'digest' of '_hashlib.HASH' objects}
        4    0.000    0.000    0.000    0.000 {method 'lower' of 'str' objects}
        1    0.000    0.000    0.000    0.000 {binascii.hexlify}
        1    0.000    0.000    0.000    0.000 calendar.py:259(TextCalendar)
        2    0.000    0.000    0.000    0.000 {method 'settimeout' of '_socket.socket' objects}
        2    0.000    0.000    0.000    0.000 {method 'remove' of 'list' objects}
        1    0.000    0.000    0.000    0.000 io.py:69(IOBase)
        1    0.000    0.000    0.000    0.000 contextlib.py:9(GeneratorContextManager)
        1    0.000    0.000    0.000    0.000 min_key.py:19(MinKey)
        1    0.000    0.000    0.000    0.000 int64.py:23(Int64)
        1    0.000    0.000    0.000    0.000 socket.py:167(_closedsocket)
        1    0.000    0.000    0.000    0.000 read_preferences.py:141(Primary)
        2    0.000    0.000    0.000    0.000 pool.py:115(ssl_context)
        1    0.000    0.000    0.000    0.000 message.py:110(_GetMore)
        1    0.000    0.000    0.000    0.000 bulk.py:531(BulkOperationBuilder)
        1    0.000    0.000    0.000    0.000 {_ctypes.set_conversion_mode}
        1    0.000    0.000    0.000    0.000 operations.py:178(IndexModel)
        1    0.000    0.000    0.000    0.000 cursor_manager.py:33(__init__)
        1    0.000    0.000    0.000    0.000 threading.py:551(_Event)
        1    0.000    0.000    0.000    0.000 errors.py:28(InvalidStringData)
        1    0.000    0.000    0.000    0.000 son_manipulator.py:116(AutoReference)
        1    0.000    0.000    0.000    0.000 ismaster.py:76(tags)
        2    0.000    0.000    0.000    0.000 calendar.py:52(__init__)
        2    0.000    0.000    0.000    0.000 {method 'values' of 'dict' objects}
        2    0.000    0.000    0.000    0.000 {method 'endswith' of 'str' objects}
        1    0.000    0.000    0.000    0.000 tz_util.py:23(FixedOffset)
        1    0.000    0.000    0.000    0.000 results.py:138(DeleteResult)
        2    0.000    0.000    0.000    0.000 tz_util.py:47(dst)
        1    0.000    0.000    0.000    0.000 thread_util.py:134(Event)
        2    0.000    0.000    0.000    0.000 pool.py:81(max_pool_size)
        1    0.000    0.000    0.000    0.000 write_concern.py:50(__init__)
        2    0.000    0.000    0.000    0.000 pool.py:108(wait_queue_multiple)
        1    0.000    0.000    0.000    0.000 {math.sqrt}
        1    0.000    0.000    0.000    0.000 max_key.py:19(MaxKey)
        2    0.000    0.000    0.000    0.000 threading.py:1008(daemon)
        1    0.000    0.000    0.000    0.000 __init__.py:332(CDLL)
        1    0.000    0.000    0.000    0.000 calendar.py:21(IllegalMonthError)
        1    0.000    0.000    0.000    0.000 response.py:42(ExhaustResponse)
        1    0.000    0.000    0.000    0.000 periodic_executor.py:26(PeriodicExecutor)
        1    0.000    0.000    0.000    0.000 bulk.py:439(BulkUpsertOperation)
        2    0.000    0.000    0.000    0.000 settings.py:59(pool_class)
        1    0.000    0.000    0.000    0.000 read_preferences.py:167(PrimaryPreferred)
        1    0.000    0.000    0.000    0.000 codec_options.py:28(CodecOptions)
        2    0.000    0.000    0.000    0.000 {method 'itervalues' of 'dict' objects}
        1    0.000    0.000    0.000    0.000 contextlib.py:132(closing)
        1    0.000    0.000    0.000    0.000 ascii.py:13(Codec)
        1    0.000    0.000    0.000    0.000 son_manipulator.py:28(SONManipulator)
        1    0.000    0.000    0.000    0.000 read_preferences.py:249(Nearest)
        1    0.000    0.000    0.000    0.000 urllib.py:110(ContentTooShortError)
        1    0.000    0.000    0.000    0.000 threading.py:1088(_MainThread)
        1    0.000    0.000    0.000    0.000 read_preferences.py:196(Secondary)
        1    0.000    0.000    0.000    0.000 idna.py:146(Codec)
        1    0.000    0.000    0.000    0.000 thread_util.py:77(BoundedSemaphore)
        2    0.000    0.000    0.000    0.000 server_description.py:103(min_wire_version)
        1    0.000    0.000    0.000    0.000 urllib.py:949(addbase)
        1    0.000    0.000    0.000    0.000 operations.py:100(ReplaceOne)
        1    0.000    0.000    0.000    0.000 server.py:24(__init__)
        2    0.000    0.000    0.000    0.000 {method 'clear' of 'dict' objects}
        1    0.000    0.000    0.000    0.000 random.py:800(SystemRandom)
        1    0.000    0.000    0.000    0.000 {method 'group' of '_sre.SRE_Match' objects}
        1    0.000    0.000    0.000    0.000 __init__.py:243(c_char_p)
        1    0.000    0.000    0.000    0.000 topology_description.py:79(check_compatible)
        1    0.000    0.000    0.000    0.000 threading.py:56(_Verbose)
        1    0.000    0.000    0.000    0.000 {method 'update' of 'set' objects}
        1    0.000    0.000    0.000    0.000 read_preferences.py:357(MovingAverage)
        1    0.000    0.000    0.000    0.000 __future__.py:74(_Feature)
        1    0.000    0.000    0.000    0.000 cursor.py:77(_SocketManager)
        1    0.000    0.000    0.000    0.000 results.py:54(InsertOneResult)
        1    0.000    0.000    0.000    0.000 __init__.py:159(py_object)
        2    0.000    0.000    0.000    0.000 topology_description.py:116(topology_type)
        2    0.000    0.000    0.000    0.000 {method 'copy' of 'dict' objects}
        1    0.000    0.000    0.000    0.000 unicode_escape.py:13(Codec)
        2    0.000    0.000    0.000    0.000 ismaster.py:118(is_writable)
        2    0.000    0.000    0.000    0.000 __init__.py:429(__init__)
        2    0.000    0.000    0.000    0.000 server_description.py:107(max_wire_version)
        1    0.000    0.000    0.000    0.000 read_preferences.py:359(__init__)
        1    0.000    0.000    0.000    0.000 calendar.py:138(setfirstweekday)
        1    0.000    0.000    0.000    0.000 thread_util.py:101(MaxWaitersBoundedSemaphore)
        1    0.000    0.000    0.000    0.000 results.py:20(_WriteResult)
        1    0.000    0.000    0.000    0.000 threading.py:422(_Semaphore)
        1    0.000    0.000    0.000    0.000 read_preferences.py:220(SecondaryPreferred)
        1    0.000    0.000    0.000    0.000 _endian.py:49(BigEndianStructure)
        1    0.000    0.000    0.000    0.000 {_hashlib.openssl_sha384}
        1    0.000    0.000    0.000    0.000 errors.py:197(ExceededMaxWaiters)
        1    0.000    0.000    0.000    0.000 urllib.py:1003(addinfourl)
        1    0.000    0.000    0.000    0.000 son_manipulator.py:86(ObjectIdShuffler)
        1    0.000    0.000    0.000    0.000 threading.py:514(_BoundedSemaphore)
        1    0.000    0.000    0.000    0.000 operations.py:152(UpdateMany)
        1    0.000    0.000    0.000    0.000 bulk.py:57(_Run)
        1    0.000    0.000    0.000    0.000 operations.py:58(DeleteOne)
        1    0.000    0.000    0.000    0.000 errors.py:33(InvalidDocument)
        1    0.000    0.000    0.000    0.000 {_hashlib.openssl_sha1}
        1    0.000    0.000    0.000    0.000 __init__.py:291(c_wchar_p)
        1    0.000    0.000    0.000    0.000 errors.py:60(NotMasterError)
        1    0.000    0.000    0.000    0.000 io.py:72(RawIOBase)
        1    0.000    0.000    0.000    0.000 cursor_manager.py:30(CursorManager)
        1    0.000    0.000    0.000    0.000 {method 'toordinal' of 'datetime.date' objects}
        1    0.000    0.000    0.000    0.000 client_options.py:139(server_selection_timeout)
        1    0.000    0.000    0.000    0.000 errors.py:124(CursorNotFound)
        1    0.000    0.000    0.000    0.000 mongo_replica_set_client.py:22(MongoReplicaSetClient)
        1    0.000    0.000    0.000    0.000 urllib.py:993(addinfo)
        1    0.000    0.000    0.000    0.000 errors.py:23(InvalidBSON)
        1    0.000    0.000    0.000    0.000 son_manipulator.py:67(ObjectIdInjector)
        1    0.000    0.000    0.000    0.000 errors.py:167(DuplicateKeyError)
        1    0.000    0.000    0.000    0.000 __init__.py:294(c_wchar)
        1    0.000    0.000    0.000    0.000 {_hashlib.openssl_sha224}
        1    0.000    0.000    0.000    0.000 io.py:75(BufferedIOBase)
        1    0.000    0.000    0.000    0.000 errors.py:33(AutoReconnect)
        1    0.000    0.000    0.000    0.000 common.py:174(validate_positive_integer_or_none)
        1    0.000    0.000    0.000    0.000 unicode_escape.py:28(StreamWriter)
        1    0.000    0.000    0.000    0.000 ascii.py:28(StreamWriter)
        1    0.000    0.000    0.000    0.000 io.py:78(TextIOBase)
        1    0.000    0.000    0.000    0.000 thread_util.py:90(DummySemaphore)
        1    0.000    0.000    0.000    0.000 calendar.py:28(IllegalWeekdayError)
        1    0.000    0.000    0.000    0.000 ascii.py:24(IncrementalDecoder)
        1    0.000    0.000    0.000    0.000 __init__.py:172(c_ushort)
        1    0.000    0.000    0.000    0.000 tz_util.py:41(utcoffset)
        1    0.000    0.000    0.000    0.000 urlparse.py:121(SplitResult)
        1    0.000    0.000    0.000    0.000 urlparse.py:129(ParseResult)
        1    0.000    0.000    0.000    0.000 client_options.py:29(_parse_credentials)
        1    0.000    0.000    0.000    0.000 unicode_escape.py:20(IncrementalEncoder)
        1    0.000    0.000    0.000    0.000 pool.py:95(socket_timeout)
        1    0.000    0.000    0.000    0.000 urllib.py:978(addclosehook)
        1    0.000    0.000    0.000    0.000 errors.py:142(WriteConcernError)
        1    0.000    0.000    0.000    0.000 server.py:114(pool)
        1    0.000    0.000    0.000    0.000 errors.py:50(NetworkTimeout)
        2    0.000    0.000    0.000    0.000 settings.py:63(pool_options)
        1    0.000    0.000    0.000    0.000 settings.py:83(direct)
        1    0.000    0.000    0.000    0.000 errors.py:181(InvalidOperation)
        1    0.000    0.000    0.000    0.000 operations.py:36(InsertOne)
        1    0.000    0.000    0.000    0.000 __init__.py:255(c_void_p)
        1    0.000    0.000    0.000    0.000 settings.py:67(monitor_class)
        1    0.000    0.000    0.000    0.000 operations.py:79(DeleteMany)
        1    0.000    0.000    0.000    0.000 {_hashlib.openssl_sha256}
        1    0.000    0.000    0.000    0.000 operations.py:126(UpdateOne)
        1    0.000    0.000    0.000    0.000 calendar.py:488(TimeEncoding)
        1    0.000    0.000    0.000    0.000 database.py:144(client)
        1    0.000    0.000    0.000    0.000 calendar.py:536(LocaleHTMLCalendar)
        1    0.000    0.000    0.000    0.000 settings.py:55(replica_set_name)
        1    0.000    0.000    0.000    0.000 client_options.py:129(credentials)
        1    0.000    0.000    0.000    0.000 errors.py:149(WriteError)
        1    0.000    0.000    0.000    0.000 idna.py:274(StreamReader)
        1    0.000    0.000    0.000    0.000 settings.py:50(seeds)
        1    0.000    0.000    0.000    0.000 errors.py:75(ServerSelectionTimeoutError)
        1    0.000    0.000    0.000    0.000 errors.py:206(DocumentTooLarge)
        1    0.000    0.000    0.000    0.000 errors.py:132(ExecutionTimeout)
        1    0.000    0.000    0.000    0.000 ascii.py:20(IncrementalEncoder)
        1    0.000    0.000    0.000    0.000 server_description.py:64(address)
        1    0.000    0.000    0.000    0.000 ascii.py:34(StreamConverter)
        1    0.000    0.000    0.000    0.000 idna.py:231(IncrementalDecoder)
        1    0.000    0.000    0.000    0.000 __init__.py:168(c_short)
        1    0.000    0.000    0.000    0.000 settings.py:79(server_selection_timeout)
        1    0.000    0.000    0.000    0.000 ascii.py:31(StreamReader)
        1    0.000    0.000    0.000    0.000 __init__.py:260(c_bool)
        1    0.000    0.000    0.000    0.000 pool.py:127(socket_keepalive)
        1    0.000    0.000    0.000    0.000 client_options.py:134(local_threshold_ms)
        1    0.000    0.000    0.000    0.000 ssl.py:101(CertificateError)
        1    0.000    0.000    0.000    0.000 __init__.py:388(PyDLL)
        1    0.000    0.000    0.000    0.000 client_options.py:124(codec_options)
        1    0.000    0.000    0.000    0.000 __init__.py:193(c_uint)
        1    0.000    0.000    0.000    0.000 __init__.py:201(c_double)
        1    0.000    0.000    0.000    0.000 errors.py:193(InvalidURI)
        1    0.000    0.000    0.000    0.000 errors.py:88(ConfigurationError)
        1    0.000    0.000    0.000    0.000 {method 'disable' of '_lsprof.Profiler' objects}
        1    0.000    0.000    0.000    0.000 __init__.py:189(c_int)
        1    0.000    0.000    0.000    0.000 client_options.py:154(replica_set_name)
        1    0.000    0.000    0.000    0.000 errors.py:29(ConnectionFailure)
        1    0.000    0.000    0.000    0.000 pool.py:101(wait_queue_timeout)
        1    0.000    0.000    0.000    0.000 server_description.py:68(server_type)
        1    0.000    0.000    0.000    0.000 errors.py:156(WTimeoutError)
        1    0.000    0.000    0.000    0.000 __init__.py:238(c_char)
        1    0.000    0.000    0.000    0.000 operations.py:21(_WriteOp)
        1    0.000    0.000    0.000    0.000 _endian.py:26(_swapped_meta)
        1    0.000    0.000    0.000    0.000 __init__.py:205(c_longdouble)
        1    0.000    0.000    0.000    0.000 __init__.py:180(c_ulong)
        1    0.000    0.000    0.000    0.000 errors.py:38(InvalidId)
        1    0.000    0.000    0.000    0.000 errors.py:25(PyMongoError)
        1    0.000    0.000    0.000    0.000 unicode_escape.py:24(IncrementalDecoder)
        1    0.000    0.000    0.000    0.000 client_options.py:159(write_concern)
        1    0.000    0.000    0.000    0.000 {_hashlib.openssl_sha512}
        1    0.000    0.000    0.000    0.000 collection.py:56(ReturnDocument)
        1    0.000    0.000    0.000    0.000 pool.py:257(check_auth)
        1    0.000    0.000    0.000    0.000 son_manipulator.py:105(NamespaceInjector)
        1    0.000    0.000    0.000    0.000 __init__.py:176(c_long)
        1    0.000    0.000    0.000    0.000 {method 'find' of 'str' objects}
        1    0.000    0.000    0.000    0.000 threading.py:1097(_set_daemon)
        1    0.000    0.000    0.000    0.000 idna.py:197(IncrementalEncoder)
        1    0.000    0.000    0.000    0.000 thread_util.py:118(MaxWaitersBoundedSemaphoreThread)
        1    0.000    0.000    0.000    0.000 {method 'pop' of 'set' objects}
        1    0.000    0.000    0.000    0.000 idna.py:271(StreamWriter)
        1    0.000    0.000    0.000    0.000 errors.py:18(BSONError)
        1    0.000    0.000    0.000    0.000 errors.py:171(BulkWriteError)
        1    0.000    0.000    0.000    0.000 unicode_escape.py:31(StreamReader)
        1    0.000    0.000    0.000    0.000 {hash}
        1    0.000    0.000    0.000    0.000 __init__.py:226(c_ubyte)
        1    0.000    0.000    0.000    0.000 pool.py:121(ssl_match_hostname)
        1    0.000    0.000    0.000    0.000 topology.py:262(description)
        1    0.000    0.000    0.000    0.000 __init__.py:197(c_float)
        1    0.000    0.000    0.000    0.000 __init__.py:233(c_byte)
        1    0.000    0.000    0.000    0.000 client_options.py:149(read_preference)
        1    0.000    0.000    0.000    0.000 errors.py:185(InvalidName)
        1    0.000    0.000    0.000    0.000 errors.py:189(CollectionInvalid)
        1    0.000    0.000    0.000    0.000 client_options.py:144(pool_options)
        1    0.000    0.000    0.000    0.000 ismaster.py:122(is_readable)


